build/app/outputs/mapping/release/mapping.txt
# compiler: R8
# compiler_version: 1.5.64
# min_api: 18
# pg_map_id: 5d052c4
...
com.google.firebase.FirebaseApp$UserUnlockReceiver -> b.c.d.c$e:
    android.content.Context applicationContext -> a
    java.util.concurrent.atomic.AtomicReference INSTANCE -> b
    void access$200(android.content.Context) -> a
    void unregister() -> a
    void ensureReceiverRegistered(android.content.Context) -> b
com.google.firebase.FirebaseAppLifecycleListener -> b.c.d.d:
    void onDeleted(java.lang.String,com.google.firebase.FirebaseOptions) -> a
com.google.firebase.FirebaseException -> b.c.d.e:
com.google.firebase.FirebaseOptions -> b.c.d.f:
    java.lang.String projectId -> g
    java.lang.String storageBucket -> f
    java.lang.String apiKey -> a
    java.lang.String databaseUrl -> c
    java.lang.String applicationId -> b
    java.lang.String gcmSenderId -> e
    java.lang.String gaTrackingId -> d
    com.google.firebase.FirebaseOptions fromResource(android.content.Context) -> a
    java.lang.String getApiKey() -> a
    java.lang.String getApplicationId() -> b
    java.lang.String getDatabaseUrl() -> c
    java.lang.String getGaTrackingId() -> d
    java.lang.String getGcmSenderId() -> e
    java.lang.String getProjectId() -> f
    java.lang.String getStorageBucket() -> g
com.google.firebase.FirebaseOptions$1 -> b.c.d.f$a:
com.google.firebase.FirebaseOptions$Builder -> b.c.d.f$b:
    java.lang.String projectId -> g
    java.lang.String storageBucket -> f
    java.lang.String apiKey -> a
    java.lang.String databaseUrl -> c
    java.lang.String applicationId -> b
    java.lang.String gcmSenderId -> e
    java.lang.String gaTrackingId -> d
    com.google.firebase.FirebaseOptions build() -> a
    com.google.firebase.FirebaseOptions$Builder setApiKey(java.lang.String) -> a
    com.google.firebase.FirebaseOptions$Builder setApplicationId(java.lang.String) -> b
    com.google.firebase.FirebaseOptions$Builder setDatabaseUrl(java.lang.String) -> c
    com.google.firebase.FirebaseOptions$Builder setGaTrackingId(java.lang.String) -> d
    com.google.firebase.FirebaseOptions$Builder setGcmSenderId(java.lang.String) -> e
    com.google.firebase.FirebaseOptions$Builder setProjectId(java.lang.String) -> f
    com.google.firebase.FirebaseOptions$Builder setStorageBucket(java.lang.String) -> g
com.google.firebase.Timestamp -> b.c.d.g:
    long seconds -> a
    int nanoseconds -> b
    int compareTo(com.google.firebase.Timestamp) -> a
    int getNanoseconds() -> a
    void validateRange(long,int) -> a
    long getSeconds() -> f
    java.util.Date toDate() -> g
    com.google.firebase.Timestamp now() -> h
com.google.firebase.Timestamp$1 -> b.c.d.g$a:
com.google.firebase.analytics.FirebaseAnalytics -> com.google.firebase.analytics.FirebaseAnalytics:
    com.google.firebase.analytics.FirebaseAnalytics zza -> b
    com.google.android.gms.internal.measurement.zzag zzb -> a
com.google.firebase.analytics.connector.AnalyticsConnector -> com.google.firebase.analytics.a.a:
com.google.firebase.analytics.connector.AnalyticsConnectorImpl -> com.google.firebase.analytics.a.b:
    com.google.firebase.analytics.connector.AnalyticsConnector zzb -> b
    com.google.android.gms.measurement.api.AppMeasurementSdk zzc -> a
    com.google.firebase.analytics.connector.AnalyticsConnector getInstance(com.google.firebase.FirebaseApp,android.content.Context,com.google.firebase.events.Subscriber) -> a
    void zza(com.google.firebase.events.Event) -> a
com.google.firebase.analytics.connector.internal.zzc -> com.google.firebase.analytics.connector.internal.a:
    com.google.firebase.components.ComponentFactory zza -> a
    java.lang.Object create(com.google.firebase.components.ComponentContainer) -> a
com.google.firebase.analytics.connector.zza -> com.google.firebase.analytics.a.c:
    java.util.concurrent.Executor zza -> a
com.google.firebase.analytics.connector.zzb -> com.google.firebase.analytics.a.d:
    com.google.firebase.events.EventHandler zza -> a
    void handle(com.google.firebase.events.Event) -> a